#
# A fatal error has been detected by the Java Runtime Environment:
#
#  EXCEPTION_ACCESS_VIOLATION (0xc0000005) at pc=0x000000006230cc31, pid=8960, tid=0x0000000000003198
#
# JRE version: Java(TM) SE Runtime Environment (8.0_191-b12) (build 1.8.0_191-b12)
# Java VM: Java HotSpot(TM) 64-Bit Server VM (25.191-b12 mixed mode windows-amd64 compressed oops)
# Problematic frame:
# V  [jvm.dll+0x15cc31]
#
# Failed to write core dump. Minidumps are not enabled by default on client versions of Windows
#
# If you would like to submit a bug report, please visit:
#   http://bugreport.java.com/bugreport/crash.jsp
#

---------------  T H R E A D  ---------------

Current thread (0x000000000154e800):  JavaThread "main" [_thread_in_vm, id=12696, stack(0x0000000002e00000,0x0000000002f00000)]

siginfo: ExceptionCode=0xc0000005, reading address 0x0000000000000000

Registers:
RAX=0x0000000000000000, RBX=0x000000000154e800, RCX=0x0000000000000e80, RDX=0x0000000000000000
RSP=0x0000000002efef90, RBP=0x0000000000000000, RSI=0x0000000000000000, RDI=0x0000000000000000
R8 =0x0000000000000000, R9 =0x0000000000000000, R10=0x0000000000000000, R11=0x0000000000000246
R12=0x0000000000000000, R13=0x00000000179f5308, R14=0x0000000000000001, R15=0x0000000000fe1c70
RIP=0x000000006230cc31, EFLAGS=0x0000000000010246

Top of Stack: (sp=0x0000000002efef90)
0x0000000002efef90:   0000000000000001 0000000000000434
0x0000000002efefa0:   000000000154e9f8 0000000000000438
0x0000000002efefb0:   0000000002eff170 00007fff7be55012
0x0000000002efefc0:   000000000154e800 0000000000000000
0x0000000002efefd0:   0000000000000000 0000000000fe1c70
0x0000000002efefe0:   0000000000000434 00007fff76f92ef0
0x0000000002efeff0:   0000000000000400 0000000002eff170
0x0000000002eff000:   000000000154e9f8 0000000000000400
0x0000000002eff010:   0000000000fe1c70 000000000154e800
0x0000000002eff020:   0000000000000000 0000000000000000
0x0000000002eff030:   0000000000000000 0000000000000438
0x0000000002eff040:   000000000154e800 0000000000000000
0x0000000002eff050:   000000000300835d 0000000000000002
0x0000000002eff060:   0000000002eff118 0000000003018c67
0x0000000002eff070:   00000000179f5308 0000000002eff170
0x0000000002eff080:   0000000000000000 0000000002eff118 

Instructions: (pc=0x000000006230cc31)
0x000000006230cc11:   00 48 83 7b 08 00 48 89 5c 24 30 48 c7 44 24 38
0x000000006230cc21:   00 00 00 00 74 0a 48 8d 4c 24 30 e8 af 11 12 00
0x000000006230cc31:   4c 8b 4d 00 85 f6 0f 88 1c 01 00 00 85 ff 0f 88
0x000000006230cc41:   14 01 00 00 0f b6 15 55 7e 6b 00 41 b8 10 00 00 


Register to memory mapping:

RAX=0x0000000000000000 is an unknown value
RBX=0x000000000154e800 is a thread
RCX=0x0000000000000e80 is an unknown value
RDX=0x0000000000000000 is an unknown value
RSP=0x0000000002efef90 is pointing into the stack for thread: 0x000000000154e800
RBP=0x0000000000000000 is an unknown value
RSI=0x0000000000000000 is an unknown value
RDI=0x0000000000000000 is an unknown value
R8 =0x0000000000000000 is an unknown value
R9 =0x0000000000000000 is an unknown value
R10=0x0000000000000000 is an unknown value
R11=0x0000000000000246 is an unknown value
R12=0x0000000000000000 is an unknown value
R13={method} {0x00000000179f5310} 'readBytes' '(J[BJJ)I' in 'com/fazecast/jSerialComm/SerialPort'
R14=0x0000000000000001 is an unknown value
R15=0x0000000000fe1c70 is an unknown value


Stack: [0x0000000002e00000,0x0000000002f00000],  sp=0x0000000002efef90,  free space=1019k
Native frames: (J=compiled Java code, j=interpreted, Vv=VM code, C=native code)

Java frames: (J=compiled Java code, j=interpreted, Vv=VM code)
j  com.fazecast.jSerialComm.SerialPort.readBytes(J[BJJ)I+0
j  com.fazecast.jSerialComm.SerialPort.readBytes([BJ)I+8
j  Test.SimpleSerial.main([Ljava/lang/String;)V+117
v  ~StubRoutines::call_stub

---------------  P R O C E S S  ---------------

Java Threads: ( => current thread )
  0x0000000019e1a800 JavaThread "Service Thread" daemon [_thread_blocked, id=11084, stack(0x000000001aaa0000,0x000000001aba0000)]
  0x0000000019dfa000 JavaThread "C1 CompilerThread3" daemon [_thread_blocked, id=1324, stack(0x000000001a9a0000,0x000000001aaa0000)]
  0x0000000019de6800 JavaThread "C2 CompilerThread2" daemon [_thread_blocked, id=6032, stack(0x000000001a8a0000,0x000000001a9a0000)]
  0x0000000019de5800 JavaThread "C2 CompilerThread1" daemon [_thread_blocked, id=11524, stack(0x000000001a7a0000,0x000000001a8a0000)]
  0x0000000019de3800 JavaThread "C2 CompilerThread0" daemon [_thread_blocked, id=9444, stack(0x000000001a6a0000,0x000000001a7a0000)]
  0x0000000019de0000 JavaThread "Attach Listener" daemon [_thread_blocked, id=11900, stack(0x000000001a5a0000,0x000000001a6a0000)]
  0x0000000019ddf000 JavaThread "Signal Dispatcher" daemon [_thread_blocked, id=8212, stack(0x000000001a4a0000,0x000000001a5a0000)]
  0x0000000019dd0800 JavaThread "Finalizer" daemon [_thread_blocked, id=3980, stack(0x000000001a2b0000,0x000000001a3b0000)]
  0x0000000017fdd800 JavaThread "Reference Handler" daemon [_thread_blocked, id=5568, stack(0x000000001a1b0000,0x000000001a2b0000)]
=>0x000000000154e800 JavaThread "main" [_thread_in_vm, id=12696, stack(0x0000000002e00000,0x0000000002f00000)]

Other Threads:
  0x0000000017fd9000 VMThread [stack: 0x0000000019cb0000,0x0000000019db0000] [id=2196]
  0x0000000019e1b800 WatcherThread [stack: 0x000000001aba0000,0x000000001aca0000] [id=11568]

VM state:not at safepoint (normal execution)

VM Mutex/Monitor currently owned by a thread: None

Heap:
 PSYoungGen      total 38400K, used 1998K [0x00000000d5b00000, 0x00000000d8580000, 0x0000000100000000)
  eden space 33280K, 6% used [0x00000000d5b00000,0x00000000d5cf3b68,0x00000000d7b80000)
  from space 5120K, 0% used [0x00000000d8080000,0x00000000d8080000,0x00000000d8580000)
  to   space 5120K, 0% used [0x00000000d7b80000,0x00000000d7b80000,0x00000000d8080000)
 ParOldGen       total 87552K, used 0K [0x0000000081000000, 0x0000000086580000, 0x00000000d5b00000)
  object space 87552K, 0% used [0x0000000081000000,0x0000000081000000,0x0000000086580000)
 Metaspace       used 3680K, capacity 4598K, committed 4864K, reserved 1056768K
  class space    used 420K, capacity 430K, committed 512K, reserved 1048576K

Card table byte_map: [0x00000000123c0000,0x00000000127c0000] byte_map_base: 0x0000000011fb8000

Marking Bits: (ParMarkBitMap*) 0x00000000629d3e30
 Begin Bits: [0x0000000013270000, 0x0000000015230000)
 End Bits:   [0x0000000015230000, 0x00000000171f0000)

Polling page: 0x0000000000f90000

CodeCache: size=245760Kb used=1185Kb max_used=1185Kb free=244574Kb
 bounds [0x0000000003000000, 0x0000000003270000, 0x0000000012000000]
 total_blobs=311 nmethods=62 adapters=162
 compilation: enabled

Compilation events (10 events):
Event: 1.211 Thread 0x0000000019dfa000   58       3       java.io.DataInputStream::readInt (72 bytes)
Event: 1.211 Thread 0x0000000019dfa000 nmethod 58 0x0000000003125f10 code [0x00000000031260c0, 0x0000000003126628]
Event: 1.213 Thread 0x0000000019dfa000   59       3       java.util.HashMap::newNode (13 bytes)
Event: 1.214 Thread 0x0000000019dfa000 nmethod 59 0x0000000003126850 code [0x00000000031269c0, 0x0000000003126c70]
Event: 1.214 Thread 0x0000000019dfa000   60       3       java.util.HashMap::afterNodeInsertion (1 bytes)
Event: 1.214 Thread 0x0000000019dfa000 nmethod 60 0x0000000003126d90 code [0x0000000003126ee0, 0x0000000003127030]
Event: 1.214 Thread 0x0000000019dfa000   61       3       java.lang.String::substring (79 bytes)
Event: 1.215 Thread 0x0000000019dfa000 nmethod 61 0x0000000003127090 code [0x0000000003127240, 0x00000000031276d8]
Event: 3.124 Thread 0x0000000019dfa000   62       1       java.nio.Buffer::position (5 bytes)
Event: 3.124 Thread 0x0000000019dfa000 nmethod 62 0x0000000003128590 code [0x00000000031286e0, 0x00000000031287f0]

GC Heap History (0 events):
No events

Deoptimization events (0 events):
No events

Classes redefined (0 events):
No events

Internal exceptions (6 events):
Event: 0.047 Thread 0x000000000154e800 Exception <a 'java/lang/NoSuchMethodError': Method sun.misc.Unsafe.defineClass(Ljava/lang/String;[BII)Ljava/lang/Class; name or signature does not match> (0x00000000d5b07cb0) thrown at [C:\re\workspace\8-2-build-windows-amd64-cygwin\jdk8u191\11896\hotspot
Event: 0.047 Thread 0x000000000154e800 Exception <a 'java/lang/NoSuchMethodError': Method sun.misc.Unsafe.prefetchRead(Ljava/lang/Object;J)V name or signature does not match> (0x00000000d5b07f98) thrown at [C:\re\workspace\8-2-build-windows-amd64-cygwin\jdk8u191\11896\hotspot\src\share\vm\prim
Event: 0.150 Thread 0x000000000154e800 Exception <a 'java/security/PrivilegedActionException'> (0x00000000d5c6ad00) thrown at [C:\re\workspace\8-2-build-windows-amd64-cygwin\jdk8u191\11896\hotspot\src\share\vm\prims\jvm.cpp, line 1435]
Event: 0.150 Thread 0x000000000154e800 Exception <a 'java/security/PrivilegedActionException'> (0x00000000d5c6af10) thrown at [C:\re\workspace\8-2-build-windows-amd64-cygwin\jdk8u191\11896\hotspot\src\share\vm\prims\jvm.cpp, line 1435]
Event: 0.151 Thread 0x000000000154e800 Exception <a 'java/security/PrivilegedActionException'> (0x00000000d5c6ee20) thrown at [C:\re\workspace\8-2-build-windows-amd64-cygwin\jdk8u191\11896\hotspot\src\share\vm\prims\jvm.cpp, line 1435]
Event: 0.151 Thread 0x000000000154e800 Exception <a 'java/security/PrivilegedActionException'> (0x00000000d5c6f030) thrown at [C:\re\workspace\8-2-build-windows-amd64-cygwin\jdk8u191\11896\hotspot\src\share\vm\prims\jvm.cpp, line 1435]

Events (10 events):
Event: 1.218 loading class java/math/RoundingMode
Event: 1.218 loading class java/math/RoundingMode done
Event: 1.219 loading class java/util/regex/Pattern$Dot
Event: 1.219 loading class java/util/regex/Pattern$Dot done
Event: 1.219 loading class java/util/regex/Pattern$GroupTail
Event: 1.219 loading class java/util/regex/Pattern$GroupTail done
Event: 1.219 loading class java/util/regex/Pattern$5
Event: 1.219 loading class java/util/regex/Pattern$5 done
Event: 1.219 loading class java/util/regex/Pattern$Dollar
Event: 1.219 loading class java/util/regex/Pattern$Dollar done


Dynamic libraries:
0x00007ff6e8020000 - 0x00007ff6e8057000 	C:\Program Files\Java\jdk1.8.0_191\jre\bin\java.exe
0x00007fff7fa50000 - 0x00007fff7fc31000 	C:\WINDOWS\SYSTEM32\ntdll.dll
0x00007fff7d9e0000 - 0x00007fff7da92000 	C:\WINDOWS\System32\KERNEL32.DLL
0x00007fff7be20000 - 0x00007fff7c093000 	C:\WINDOWS\System32\KERNELBASE.dll
0x00007fff7daa0000 - 0x00007fff7db41000 	C:\WINDOWS\System32\ADVAPI32.dll
0x00007fff7ddb0000 - 0x00007fff7de4e000 	C:\WINDOWS\System32\msvcrt.dll
0x00007fff7d090000 - 0x00007fff7d0eb000 	C:\WINDOWS\System32\sechost.dll
0x00007fff7e2b0000 - 0x00007fff7e3d4000 	C:\WINDOWS\System32\RPCRT4.dll
0x00007fff7dc20000 - 0x00007fff7ddb0000 	C:\WINDOWS\System32\USER32.dll
0x00007fff7c100000 - 0x00007fff7c120000 	C:\WINDOWS\System32\win32u.dll
0x00007fff7cf40000 - 0x00007fff7cf68000 	C:\WINDOWS\System32\GDI32.dll
0x00007fff7cc40000 - 0x00007fff7cdd2000 	C:\WINDOWS\System32\gdi32full.dll
0x00007fff7cb20000 - 0x00007fff7cbbf000 	C:\WINDOWS\System32\msvcp_win.dll
0x00007fff7cde0000 - 0x00007fff7ceda000 	C:\WINDOWS\System32\ucrtbase.dll
0x00007fff71960000 - 0x00007fff71bc9000 	C:\WINDOWS\WinSxS\amd64_microsoft.windows.common-controls_6595b64144ccf1df_6.0.17134.590_none_fb3d9bff3069e088\COMCTL32.dll
0x00007fff7d300000 - 0x00007fff7d622000 	C:\WINDOWS\System32\combase.dll
0x00007fff7cbc0000 - 0x00007fff7cc3a000 	C:\WINDOWS\System32\bcryptPrimitives.dll
0x00007fff7d2d0000 - 0x00007fff7d2fd000 	C:\WINDOWS\System32\IMM32.DLL
0x00000000620d0000 - 0x00000000621a2000 	C:\Program Files\Java\jdk1.8.0_191\jre\bin\msvcr100.dll
0x00000000621b0000 - 0x0000000062a54000 	C:\Program Files\Java\jdk1.8.0_191\jre\bin\server\jvm.dll
0x00007fff7d0f0000 - 0x00007fff7d0f8000 	C:\WINDOWS\System32\PSAPI.DLL
0x00007fff71f40000 - 0x00007fff71f49000 	C:\WINDOWS\SYSTEM32\WSOCK32.dll
0x00007fff71cc0000 - 0x00007fff71ce3000 	C:\WINDOWS\SYSTEM32\WINMM.dll
0x00007fff71570000 - 0x00007fff7157a000 	C:\WINDOWS\SYSTEM32\VERSION.dll
0x00007fff7d970000 - 0x00007fff7d9dc000 	C:\WINDOWS\System32\WS2_32.dll
0x00007fff71bf0000 - 0x00007fff71c1a000 	C:\WINDOWS\SYSTEM32\WINMMBASE.dll
0x00007fff7c1d0000 - 0x00007fff7c219000 	C:\WINDOWS\System32\cfgmgr32.dll
0x0000000062080000 - 0x000000006208f000 	C:\Program Files\Java\jdk1.8.0_191\jre\bin\verify.dll
0x0000000062050000 - 0x0000000062079000 	C:\Program Files\Java\jdk1.8.0_191\jre\bin\java.dll
0x0000000062030000 - 0x0000000062046000 	C:\Program Files\Java\jdk1.8.0_191\jre\bin\zip.dll
0x00007fff7e3e0000 - 0x00007fff7f820000 	C:\WINDOWS\System32\SHELL32.dll
0x00007fff7cfe0000 - 0x00007fff7d089000 	C:\WINDOWS\System32\shcore.dll
0x00007fff7c220000 - 0x00007fff7c92d000 	C:\WINDOWS\System32\windows.storage.dll
0x00007fff7d270000 - 0x00007fff7d2c1000 	C:\WINDOWS\System32\shlwapi.dll
0x00007fff7be00000 - 0x00007fff7be11000 	C:\WINDOWS\System32\kernel.appcore.dll
0x00007fff7bd90000 - 0x00007fff7bdaf000 	C:\WINDOWS\System32\profapi.dll
0x00007fff7bdb0000 - 0x00007fff7bdfc000 	C:\WINDOWS\System32\powrprof.dll
0x00007fff7bd60000 - 0x00007fff7bd6a000 	C:\WINDOWS\System32\FLTLIB.DLL
0x00007fff76f90000 - 0x00007fff76fbb000 	C:\Users\steven.youhana\AppData\Local\Temp\1551776058482-jSerialComm.dll
0x00007fff7de50000 - 0x00007fff7e29b000 	C:\WINDOWS\System32\SETUPAPI.dll
0x00007fff77be0000 - 0x00007fff77da9000 	C:\WINDOWS\SYSTEM32\dbghelp.dll

VM Arguments:
jvm_args: -Dfile.encoding=UTF-8 
java_command: Test.SimpleSerial
java_class_path (initial): C:\Users\steven.youhana\Documents\NetBeansProjects\Comms\dist\Comms.jar;C:\Program Files\Java\jdk1.8.0_191\jre\lib\javaws.jar;C:\Program Files\Java\jdk1.8.0_191\jre\lib\deploy.jar;C:\Program Files\Java\jdk1.8.0_191\jre\lib\plugin.jar;C:\Users\steven.youhana\Documents\NetBeansProjects\Comms\jSerialComm-2.4.0.jar;C:\Users\steven.youhana\Documents\NetBeansProjects\Comms\build\classes
Launcher Type: SUN_STANDARD

Environment Variables:
PATH=C:\Program Files (x86)\Common Files\Oracle\Java\javapath;C:\WINDOWS\system32;C:\WINDOWS;C:\WINDOWS\System32\Wbem;C:\WINDOWS\System32\WindowsPowerShell\v1.0\;C:\WINDOWS\System32\OpenSSH\;C:\Program Files\PuTTY\;C:\Program Files\Git\cmd;C:\Program Files (x86)\Microsoft SQL Server\140\Tools\Binn\;C:\Program Files\Microsoft SQL Server\140\Tools\Binn\;C:\Program Files (x86)\Microsoft SQL Server\140\DTS\Binn\;C:\Program Files\Microsoft SQL Server\140\DTS\Binn\;C:\Program Files\Microsoft SQL Server\Client SDK\ODBC\130\Tools\Binn\;C:\Users\steven.youhana\AppData\Local\Microsoft\WindowsApps;
USERNAME=steven.youhana
OS=Windows_NT
PROCESSOR_IDENTIFIER=Intel64 Family 6 Model 58 Stepping 9, GenuineIntel



---------------  S Y S T E M  ---------------

OS: Windows 10.0 , 64 bit Build 17134 (10.0.17134.556)

CPU:total 8 (initial active 8) (4 cores per cpu, 2 threads per core) family 6 model 58 stepping 9, cmov, cx8, fxsr, mmx, sse, sse2, sse3, ssse3, sse4.1, sse4.2, popcnt, avx, aes, clmul, erms, ht, tsc, tscinvbit, tscinv

Memory: 4k page, physical 8319548k(4673784k free), swap 9630268k(5501256k free)

vm_info: Java HotSpot(TM) 64-Bit Server VM (25.191-b12) for windows-amd64 JRE (1.8.0_191-b12), built on Oct  6 2018 09:29:03 by "java_re" with MS VC++ 10.0 (VS2010)

time: Tue Mar 05 21:54:21 2019
elapsed time: 3 seconds (0d 0h 0m 3s)

